<?xml version="1.0" encoding="UTF-8"?>
<testng-results skipped="1" failed="0" total="1" passed="0">
  <reporter-output>
  </reporter-output>
  <suite name="soundar" duration-ms="108330" started-at="2020-08-19T13:15:04Z" finished-at="2020-08-19T13:16:52Z">
    <groups>
    </groups>
    <test name="soundarTest" duration-ms="108330" started-at="2020-08-19T13:15:04Z" finished-at="2020-08-19T13:16:52Z">
      <class name="com.addcustomer.TeleComTestNG">
        <test-method status="FAIL" signature="driver()[pri:0, instance:com.addcustomer.TeleComTestNG@3ecf72fd]" name="driver" is-config="true" duration-ms="0" started-at="2020-08-19T18:45:04Z" finished-at="2020-08-19T18:45:04Z">
          <exception class="org.openqa.selenium.NoSuchFrameException">
            <message>
              <![CDATA[No frame element found by name or id flow_close_btn_iframe
Build info: version: '3.141.59', revision: 'e82be7d358', time: '2018-11-14T08:25:53'
System info: host: 'LAPTOP-7UJ0K33M', ip: '192.168.43.204', os.name: 'Windows 10', os.arch: 'amd64', os.version: '10.0', java.version: '1.8.0_261'
Driver info: driver.version: unknown]]>
            </message>
            <full-stacktrace>
              <![CDATA[org.openqa.selenium.NoSuchFrameException: No frame element found by name or id flow_close_btn_iframe
Build info: version: '3.141.59', revision: 'e82be7d358', time: '2018-11-14T08:25:53'
System info: host: 'LAPTOP-7UJ0K33M', ip: '192.168.43.204', os.name: 'Windows 10', os.arch: 'amd64', os.version: '10.0', java.version: '1.8.0_261'
Driver info: driver.version: unknown
	at org.openqa.selenium.remote.RemoteWebDriver$RemoteTargetLocator.frame(RemoteWebDriver.java:885)
	at com.addcustomer.TeleComTestNG.handling(TeleComTestNG.java:39)
	at com.addcustomer.TeleComTestNG.driver(TeleComTestNG.java:20)
	at sun.reflect.NativeMethodAccessorImpl.invoke0(Native Method)
	at sun.reflect.NativeMethodAccessorImpl.invoke(Unknown Source)
	at sun.reflect.DelegatingMethodAccessorImpl.invoke(Unknown Source)
	at java.lang.reflect.Method.invoke(Unknown Source)
	at org.testng.internal.MethodInvocationHelper.invokeMethod(MethodInvocationHelper.java:86)
	at org.testng.internal.Invoker.invokeConfigurationMethod(Invoker.java:514)
	at org.testng.internal.Invoker.invokeConfigurations(Invoker.java:215)
	at org.testng.internal.Invoker.invokeConfigurations(Invoker.java:142)
	at org.testng.internal.TestMethodWorker.invokeBeforeClassMethods(TestMethodWorker.java:178)
	at org.testng.internal.TestMethodWorker.run(TestMethodWorker.java:108)
	at org.testng.TestRunner.privateRun(TestRunner.java:782)
	at org.testng.TestRunner.run(TestRunner.java:632)
	at org.testng.SuiteRunner.runTest(SuiteRunner.java:366)
	at org.testng.SuiteRunner.runSequentially(SuiteRunner.java:361)
	at org.testng.SuiteRunner.privateRun(SuiteRunner.java:319)
	at org.testng.SuiteRunner.run(SuiteRunner.java:268)
	at org.testng.SuiteRunnerWorker.runSuite(SuiteRunnerWorker.java:52)
	at org.testng.SuiteRunnerWorker.run(SuiteRunnerWorker.java:86)
	at org.testng.TestNG.runSuitesSequentially(TestNG.java:1244)
	at org.testng.TestNG.runSuitesLocally(TestNG.java:1169)
	at org.testng.TestNG.run(TestNG.java:1064)
	at org.testng.remote.RemoteTestNG.run(RemoteTestNG.java:113)
	at org.testng.remote.RemoteTestNG.initAndRun(RemoteTestNG.java:206)
	at org.testng.remote.RemoteTestNG.main(RemoteTestNG.java:177)
]]>
            </full-stacktrace>
          </exception> <!-- org.openqa.selenium.NoSuchFrameException -->
          <reporter-output>
          </reporter-output>
        </test-method> <!-- driver -->
        <test-method status="SKIP" signature="close()[pri:0, instance:com.addcustomer.TeleComTestNG@3ecf72fd]" name="close" is-config="true" duration-ms="0" started-at="2020-08-19T18:46:52Z" finished-at="2020-08-19T18:46:52Z">
          <reporter-output>
          </reporter-output>
        </test-method> <!-- close -->
        <test-method status="SKIP" signature="handling()[pri:0, instance:com.addcustomer.TeleComTestNG@3ecf72fd]" name="handling" duration-ms="0" started-at="2020-08-19T18:46:52Z" finished-at="2020-08-19T18:46:52Z">
          <reporter-output>
          </reporter-output>
        </test-method> <!-- handling -->
      </class> <!-- com.addcustomer.TeleComTestNG -->
    </test> <!-- soundarTest -->
  </suite> <!-- soundar -->
</testng-results>
